nohup: ignoring input
================================================================================
Running Optimization Grid
out_dir: results/opt_N2000_plateau_refine_20260318_115014
smoke_test: False
N_list: [2000]
T=10.0  dt=0.0005
seeds: [1, 2, 3, 4, 5]
tau_c_list: [0.05]
beta_E_list: [0.0, 0.2]
beta_C: 0.005
n_restarts: 2  maxiter: 8
jc_outdir: results/jc_refine_20260304_094704  J_center_source: tau
J_list override: [0.48, 0.49, 0.5, 0.51, 0.52]
rate_cap for summary/plots: 20.0
================================================================================

--- N=2000 ---
Jc_used: 0.6000000000000001
J_grid (5 pts): 0.480, 0.490, 0.500, 0.510, 0.520
tau_c=0.05
  beta_E=0.0
[progress] 0/50  N=2000 seed=1 tau_c=0.05 beta_E=0.0 J=0.4800 (1/5)
[progress] 1/50  N=2000 seed=1 tau_c=0.05 beta_E=0.0 J=0.4900 (2/5)
[progress] 2/50  N=2000 seed=1 tau_c=0.05 beta_E=0.0 J=0.5000 (3/5)
[progress] 3/50  N=2000 seed=1 tau_c=0.05 beta_E=0.0 J=0.5100 (4/5)
[progress] 4/50  N=2000 seed=1 tau_c=0.05 beta_E=0.0 J=0.5200 (5/5)
[progress] 5/50  N=2000 seed=2 tau_c=0.05 beta_E=0.0 J=0.4800 (1/5)
[progress] 6/50  N=2000 seed=2 tau_c=0.05 beta_E=0.0 J=0.4900 (2/5)
[progress] 7/50  N=2000 seed=2 tau_c=0.05 beta_E=0.0 J=0.5000 (3/5)
[progress] 8/50  N=2000 seed=2 tau_c=0.05 beta_E=0.0 J=0.5100 (4/5)
[progress] 9/50  N=2000 seed=2 tau_c=0.05 beta_E=0.0 J=0.5200 (5/5)
[progress] 10/50  N=2000 seed=3 tau_c=0.05 beta_E=0.0 J=0.4800 (1/5)
[progress] 11/50  N=2000 seed=3 tau_c=0.05 beta_E=0.0 J=0.4900 (2/5)
[progress] 12/50  N=2000 seed=3 tau_c=0.05 beta_E=0.0 J=0.5000 (3/5)
[progress] 13/50  N=2000 seed=3 tau_c=0.05 beta_E=0.0 J=0.5100 (4/5)
[progress] 14/50  N=2000 seed=3 tau_c=0.05 beta_E=0.0 J=0.5200 (5/5)
[progress] 15/50  N=2000 seed=4 tau_c=0.05 beta_E=0.0 J=0.4800 (1/5)
[progress] 16/50  N=2000 seed=4 tau_c=0.05 beta_E=0.0 J=0.4900 (2/5)
[progress] 17/50  N=2000 seed=4 tau_c=0.05 beta_E=0.0 J=0.5000 (3/5)
[progress] 18/50  N=2000 seed=4 tau_c=0.05 beta_E=0.0 J=0.5100 (4/5)
[progress] 19/50  N=2000 seed=4 tau_c=0.05 beta_E=0.0 J=0.5200 (5/5)
[progress] 20/50  N=2000 seed=5 tau_c=0.05 beta_E=0.0 J=0.4800 (1/5)
[progress] 21/50  N=2000 seed=5 tau_c=0.05 beta_E=0.0 J=0.4900 (2/5)
[progress] 22/50  N=2000 seed=5 tau_c=0.05 beta_E=0.0 J=0.5000 (3/5)
[progress] 23/50  N=2000 seed=5 tau_c=0.05 beta_E=0.0 J=0.5100 (4/5)
[progress] 24/50  N=2000 seed=5 tau_c=0.05 beta_E=0.0 J=0.5200 (5/5)
  beta_E=0.2
[progress] 25/50  N=2000 seed=1 tau_c=0.05 beta_E=0.2 J=0.4800 (1/5)
[progress] 26/50  N=2000 seed=1 tau_c=0.05 beta_E=0.2 J=0.4900 (2/5)
[progress] 27/50  N=2000 seed=1 tau_c=0.05 beta_E=0.2 J=0.5000 (3/5)
[progress] 28/50  N=2000 seed=1 tau_c=0.05 beta_E=0.2 J=0.5100 (4/5)
[progress] 29/50  N=2000 seed=1 tau_c=0.05 beta_E=0.2 J=0.5200 (5/5)
[progress] 30/50  N=2000 seed=2 tau_c=0.05 beta_E=0.2 J=0.4800 (1/5)
[progress] 31/50  N=2000 seed=2 tau_c=0.05 beta_E=0.2 J=0.4900 (2/5)
[progress] 32/50  N=2000 seed=2 tau_c=0.05 beta_E=0.2 J=0.5000 (3/5)
[progress] 33/50  N=2000 seed=2 tau_c=0.05 beta_E=0.2 J=0.5100 (4/5)
[progress] 34/50  N=2000 seed=2 tau_c=0.05 beta_E=0.2 J=0.5200 (5/5)
[progress] 35/50  N=2000 seed=3 tau_c=0.05 beta_E=0.2 J=0.4800 (1/5)
[progress] 36/50  N=2000 seed=3 tau_c=0.05 beta_E=0.2 J=0.4900 (2/5)
[progress] 37/50  N=2000 seed=3 tau_c=0.05 beta_E=0.2 J=0.5000 (3/5)
[progress] 38/50  N=2000 seed=3 tau_c=0.05 beta_E=0.2 J=0.5100 (4/5)
[progress] 39/50  N=2000 seed=3 tau_c=0.05 beta_E=0.2 J=0.5200 (5/5)
[progress] 40/50  N=2000 seed=4 tau_c=0.05 beta_E=0.2 J=0.4800 (1/5)
[progress] 41/50  N=2000 seed=4 tau_c=0.05 beta_E=0.2 J=0.4900 (2/5)
[progress] 42/50  N=2000 seed=4 tau_c=0.05 beta_E=0.2 J=0.5000 (3/5)
[progress] 43/50  N=2000 seed=4 tau_c=0.05 beta_E=0.2 J=0.5100 (4/5)
[progress] 44/50  N=2000 seed=4 tau_c=0.05 beta_E=0.2 J=0.5200 (5/5)
[progress] 45/50  N=2000 seed=5 tau_c=0.05 beta_E=0.2 J=0.4800 (1/5)
[progress] 46/50  N=2000 seed=5 tau_c=0.05 beta_E=0.2 J=0.4900 (2/5)
[progress] 47/50  N=2000 seed=5 tau_c=0.05 beta_E=0.2 J=0.5000 (3/5)
[progress] 48/50  N=2000 seed=5 tau_c=0.05 beta_E=0.2 J=0.5100 (4/5)
[progress] 49/50  N=2000 seed=5 tau_c=0.05 beta_E=0.2 J=0.5200 (5/5)

================================================================================
Saved: results/opt_N2000_plateau_refine_20260318_115014/opt_rows.csv
Saved: results/opt_N2000_plateau_refine_20260318_115014/opt_summary.csv
Figures: results/opt_N2000_plateau_refine_20260318_115014/*.png
================================================================================
