nohup: ignoring input
================================================================================
Running Optimization Grid
out_dir: results/opt_N5000_plateau_precision_20260321_192439
smoke_test: False
N_list: [5000]
T=10.0  dt=0.0005
seeds: [1, 2, 3, 4]
tau_c_list: [0.05]
beta_E_list: [0.0, 0.2]
beta_C: 0.005
n_restarts: 2  maxiter: 8
jc_outdir: results/jc_refine_20260304_094704  J_center_source: tau
J_list override: [0.48, 0.49, 0.5, 0.51, 0.52, 0.53]
rate_cap for summary/plots: 20.0
================================================================================

--- N=5000 ---
Jc_used: 0.6000000000000001
J_grid (6 pts): 0.480, 0.490, 0.500, 0.510, 0.520, 0.530
tau_c=0.05
  beta_E=0.0
[progress] 0/48  N=5000 seed=1 tau_c=0.05 beta_E=0.0 J=0.4800 (1/6)
[progress] 1/48  N=5000 seed=1 tau_c=0.05 beta_E=0.0 J=0.4900 (2/6)
[progress] 2/48  N=5000 seed=1 tau_c=0.05 beta_E=0.0 J=0.5000 (3/6)
[progress] 3/48  N=5000 seed=1 tau_c=0.05 beta_E=0.0 J=0.5100 (4/6)
[progress] 4/48  N=5000 seed=1 tau_c=0.05 beta_E=0.0 J=0.5200 (5/6)
[progress] 5/48  N=5000 seed=1 tau_c=0.05 beta_E=0.0 J=0.5300 (6/6)
[progress] 6/48  N=5000 seed=2 tau_c=0.05 beta_E=0.0 J=0.4800 (1/6)
[progress] 7/48  N=5000 seed=2 tau_c=0.05 beta_E=0.0 J=0.4900 (2/6)
[progress] 8/48  N=5000 seed=2 tau_c=0.05 beta_E=0.0 J=0.5000 (3/6)
[progress] 9/48  N=5000 seed=2 tau_c=0.05 beta_E=0.0 J=0.5100 (4/6)
[progress] 10/48  N=5000 seed=2 tau_c=0.05 beta_E=0.0 J=0.5200 (5/6)
[progress] 11/48  N=5000 seed=2 tau_c=0.05 beta_E=0.0 J=0.5300 (6/6)
[progress] 12/48  N=5000 seed=3 tau_c=0.05 beta_E=0.0 J=0.4800 (1/6)
[progress] 13/48  N=5000 seed=3 tau_c=0.05 beta_E=0.0 J=0.4900 (2/6)
[progress] 14/48  N=5000 seed=3 tau_c=0.05 beta_E=0.0 J=0.5000 (3/6)
[progress] 15/48  N=5000 seed=3 tau_c=0.05 beta_E=0.0 J=0.5100 (4/6)
[progress] 16/48  N=5000 seed=3 tau_c=0.05 beta_E=0.0 J=0.5200 (5/6)
[progress] 17/48  N=5000 seed=3 tau_c=0.05 beta_E=0.0 J=0.5300 (6/6)
[progress] 18/48  N=5000 seed=4 tau_c=0.05 beta_E=0.0 J=0.4800 (1/6)
[progress] 19/48  N=5000 seed=4 tau_c=0.05 beta_E=0.0 J=0.4900 (2/6)
[progress] 20/48  N=5000 seed=4 tau_c=0.05 beta_E=0.0 J=0.5000 (3/6)
[progress] 21/48  N=5000 seed=4 tau_c=0.05 beta_E=0.0 J=0.5100 (4/6)
[progress] 22/48  N=5000 seed=4 tau_c=0.05 beta_E=0.0 J=0.5200 (5/6)
[progress] 23/48  N=5000 seed=4 tau_c=0.05 beta_E=0.0 J=0.5300 (6/6)
  beta_E=0.2
[progress] 24/48  N=5000 seed=1 tau_c=0.05 beta_E=0.2 J=0.4800 (1/6)
[progress] 25/48  N=5000 seed=1 tau_c=0.05 beta_E=0.2 J=0.4900 (2/6)
[progress] 26/48  N=5000 seed=1 tau_c=0.05 beta_E=0.2 J=0.5000 (3/6)
[progress] 27/48  N=5000 seed=1 tau_c=0.05 beta_E=0.2 J=0.5100 (4/6)
[progress] 28/48  N=5000 seed=1 tau_c=0.05 beta_E=0.2 J=0.5200 (5/6)
[progress] 29/48  N=5000 seed=1 tau_c=0.05 beta_E=0.2 J=0.5300 (6/6)
[progress] 30/48  N=5000 seed=2 tau_c=0.05 beta_E=0.2 J=0.4800 (1/6)
[progress] 31/48  N=5000 seed=2 tau_c=0.05 beta_E=0.2 J=0.4900 (2/6)
[progress] 32/48  N=5000 seed=2 tau_c=0.05 beta_E=0.2 J=0.5000 (3/6)
[progress] 33/48  N=5000 seed=2 tau_c=0.05 beta_E=0.2 J=0.5100 (4/6)
[progress] 34/48  N=5000 seed=2 tau_c=0.05 beta_E=0.2 J=0.5200 (5/6)
[progress] 35/48  N=5000 seed=2 tau_c=0.05 beta_E=0.2 J=0.5300 (6/6)
[progress] 36/48  N=5000 seed=3 tau_c=0.05 beta_E=0.2 J=0.4800 (1/6)
[progress] 37/48  N=5000 seed=3 tau_c=0.05 beta_E=0.2 J=0.4900 (2/6)
[progress] 38/48  N=5000 seed=3 tau_c=0.05 beta_E=0.2 J=0.5000 (3/6)
[progress] 39/48  N=5000 seed=3 tau_c=0.05 beta_E=0.2 J=0.5100 (4/6)
[progress] 40/48  N=5000 seed=3 tau_c=0.05 beta_E=0.2 J=0.5200 (5/6)
[progress] 41/48  N=5000 seed=3 tau_c=0.05 beta_E=0.2 J=0.5300 (6/6)
[progress] 42/48  N=5000 seed=4 tau_c=0.05 beta_E=0.2 J=0.4800 (1/6)
[progress] 43/48  N=5000 seed=4 tau_c=0.05 beta_E=0.2 J=0.4900 (2/6)
[progress] 44/48  N=5000 seed=4 tau_c=0.05 beta_E=0.2 J=0.5000 (3/6)
[progress] 45/48  N=5000 seed=4 tau_c=0.05 beta_E=0.2 J=0.5100 (4/6)
[progress] 46/48  N=5000 seed=4 tau_c=0.05 beta_E=0.2 J=0.5200 (5/6)
[progress] 47/48  N=5000 seed=4 tau_c=0.05 beta_E=0.2 J=0.5300 (6/6)

================================================================================
Saved: results/opt_N5000_plateau_precision_20260321_192439/opt_rows.csv
Saved: results/opt_N5000_plateau_precision_20260321_192439/opt_summary.csv
Figures: results/opt_N5000_plateau_precision_20260321_192439/*.png
================================================================================
